Build started 15.03.2012 13:14:36.
Project "D:\vika_vita\Global\Задачки\олімп\show_hogv\show_hogv\show_hogv.vcxproj" on node 2 (build target(s)).
PrepareForBuild:
  Creating directory "D:\vika_vita\Global\Задачки\олімп\show_hogv\Debug\".
InitializeBuildStatus:
  Creating "Debug\show_hogv.unsuccessfulbuild" because "AlwaysCreate" was specified.
ClCompile:
  C:\Program Files\Microsoft Visual Studio 10.0\VC\bin\CL.exe /c /ZI /nologo /W3 /WX- /Od /Oy- /D WIN32 /D _DEBUG /D _CONSOLE /D _UNICODE /D UNICODE /Gm /EHsc /RTC1 /MDd /GS /fp:precise /Zc:wchar_t /Zc:forScope /Yc"StdAfx.h" /Fp"Debug\show_hogv.pch" /Fo"Debug\\" /Fd"Debug\vc100.pdb" /Gd /TP /analyze- /errorReport:prompt stdafx.cpp
  stdafx.cpp
  C:\Program Files\Microsoft Visual Studio 10.0\VC\bin\CL.exe /c /ZI /nologo /W3 /WX- /Od /Oy- /D WIN32 /D _DEBUG /D _CONSOLE /D _UNICODE /D UNICODE /Gm /EHsc /RTC1 /MDd /GS /fp:precise /Zc:wchar_t /Zc:forScope /Yu"StdAfx.h" /Fp"Debug\show_hogv.pch" /Fo"Debug\\" /Fd"Debug\vc100.pdb" /Gd /TP /analyze- /errorReport:prompt show_hogv.cpp
  show_hogv.cpp
ManifestResourceCompile:
  C:\Program Files\Microsoft SDKs\Windows\v7.0A\bin\rc.exe /nologo /fo"Debug\show_hogv.exe.embed.manifest.res" Debug\show_hogv_manifest.rc 
Link:
  C:\Program Files\Microsoft Visual Studio 10.0\VC\bin\link.exe /ERRORREPORT:PROMPT /OUT:"D:\vika_vita\Global\Задачки\олімп\show_hogv\Debug\show_hogv.exe" /INCREMENTAL /NOLOGO kernel32.lib user32.lib gdi32.lib winspool.lib comdlg32.lib advapi32.lib shell32.lib ole32.lib oleaut32.lib uuid.lib odbc32.lib odbccp32.lib /MANIFEST /ManifestFile:"Debug\show_hogv.exe.intermediate.manifest" /MANIFESTUAC:"level='asInvoker' uiAccess='false'" /DEBUG /PDB:"D:\vika_vita\Global\Задачки\олімп\show_hogv\Debug\show_hogv.pdb" /SUBSYSTEM:CONSOLE /TLBID:1 /DYNAMICBASE /NXCOMPAT /IMPLIB:"D:\vika_vita\Global\Задачки\олімп\show_hogv\Debug\show_hogv.lib" /MACHINE:X86 Debug\show_hogv.exe.embed.manifest.res
  Debug\show_hogv.obj
  Debug\stdafx.obj
Manifest:
  C:\Program Files\Microsoft SDKs\Windows\v7.0A\bin\mt.exe /nologo /verbose /out:"Debug\show_hogv.exe.embed.manifest" /manifest Debug\show_hogv.exe.intermediate.manifest
  C:\Program Files\Microsoft SDKs\Windows\v7.0A\bin\rc.exe /nologo /fo"Debug\show_hogv.exe.embed.manifest.res" Debug\show_hogv_manifest.rc 
LinkEmbedManifest:
  C:\Program Files\Microsoft Visual Studio 10.0\VC\bin\link.exe /ERRORREPORT:PROMPT /OUT:"D:\vika_vita\Global\Задачки\олімп\show_hogv\Debug\show_hogv.exe" /INCREMENTAL /NOLOGO kernel32.lib user32.lib gdi32.lib winspool.lib comdlg32.lib advapi32.lib shell32.lib ole32.lib oleaut32.lib uuid.lib odbc32.lib odbccp32.lib /MANIFEST /ManifestFile:"Debug\show_hogv.exe.intermediate.manifest" /MANIFESTUAC:"level='asInvoker' uiAccess='false'" /DEBUG /PDB:"D:\vika_vita\Global\Задачки\олімп\show_hogv\Debug\show_hogv.pdb" /SUBSYSTEM:CONSOLE /TLBID:1 /DYNAMICBASE /NXCOMPAT /IMPLIB:"D:\vika_vita\Global\Задачки\олімп\show_hogv\Debug\show_hogv.lib" /MACHINE:X86 Debug\show_hogv.exe.embed.manifest.res
  Debug\show_hogv.obj
  Debug\stdafx.obj
  show_hogv.vcxproj -> D:\vika_vita\Global\Задачки\олімп\show_hogv\Debug\show_hogv.exe
FinalizeBuildStatus:
  Deleting file "Debug\show_hogv.unsuccessfulbuild".
  Touching "Debug\show_hogv.lastbuildstate".
Done Building Project "D:\vika_vita\Global\Задачки\олімп\show_hogv\show_hogv\show_hogv.vcxproj" (build target(s)).

Build succeeded.

Time Elapsed 00:00:09.14
