D:\VIKA_VITA\GLOBAL\Задачки\олімп\SPIRAL\DEBUG\SPIRAL.EXE
D:\VIKA_VITA\GLOBAL\Задачки\олімп\SPIRAL\DEBUG\SPIRAL.ILK
D:\VIKA_VITA\GLOBAL\ЗАДАЧКИ\ОЛІМП\SPIRAL\DEBUG\SPIRAL.PDB
D:\vika_vita\Global\Задачки\олімп\Spiral\Spiral\Debug\cl.command.1.tlog
D:\vika_vita\Global\Задачки\олімп\Spiral\Spiral\Debug\CL.read.1.tlog
D:\vika_vita\Global\Задачки\олімп\Spiral\Spiral\Debug\CL.write.1.tlog
D:\vika_vita\Global\Задачки\олімп\Spiral\Spiral\Debug\link.1264.read.1.tlog
D:\vika_vita\Global\Задачки\олімп\Spiral\Spiral\Debug\link.1264.write.1.tlog
D:\vika_vita\Global\Задачки\олімп\Spiral\Spiral\Debug\link.1264-cvtres.read.1.tlog
D:\vika_vita\Global\Задачки\олімп\Spiral\Spiral\Debug\link.1264-cvtres.write.1.tlog
D:\vika_vita\Global\Задачки\олімп\Spiral\Spiral\Debug\link.3592.read.1.tlog
D:\vika_vita\Global\Задачки\олімп\Spiral\Spiral\Debug\link.3592.write.1.tlog
D:\vika_vita\Global\Задачки\олімп\Spiral\Spiral\Debug\link.3592-cvtres.read.1.tlog
D:\vika_vita\Global\Задачки\олімп\Spiral\Spiral\Debug\link.3592-cvtres.write.1.tlog
D:\vika_vita\Global\Задачки\олімп\Spiral\Spiral\Debug\link.command.1.tlog
D:\vika_vita\Global\Задачки\олімп\Spiral\Spiral\Debug\link.read.1.tlog
D:\vika_vita\Global\Задачки\олімп\Spiral\Spiral\Debug\link.write.1.tlog
D:\vika_vita\Global\Задачки\олімп\Spiral\Spiral\Debug\link-cvtres.read.1.tlog
D:\vika_vita\Global\Задачки\олімп\Spiral\Spiral\Debug\link-cvtres.write.1.tlog
D:\vika_vita\Global\Задачки\олімп\Spiral\Spiral\Debug\mt.command.1.tlog
D:\vika_vita\Global\Задачки\олімп\Spiral\Spiral\Debug\mt.read.1.tlog
D:\vika_vita\Global\Задачки\олімп\Spiral\Spiral\Debug\mt.write.1.tlog
D:\vika_vita\Global\Задачки\олімп\Spiral\Spiral\Debug\rc.command.1.tlog
D:\vika_vita\Global\Задачки\олімп\Spiral\Spiral\Debug\rc.read.1.tlog
D:\vika_vita\Global\Задачки\олімп\Spiral\Spiral\Debug\rc.write.1.tlog
D:\VIKA_VITA\GLOBAL\Задачки\олімп\SPIRAL\SPIRAL\DEBUG\SPIRAL.EXE.EMBED.MANIFEST
D:\VIKA_VITA\GLOBAL\Задачки\олімп\SPIRAL\SPIRAL\DEBUG\SPIRAL.EXE.EMBED.MANIFEST.RES
D:\VIKA_VITA\GLOBAL\Задачки\олімп\SPIRAL\SPIRAL\DEBUG\SPIRAL.EXE.INTERMEDIATE.MANIFEST
D:\VIKA_VITA\GLOBAL\Задачки\олімп\SPIRAL\SPIRAL\DEBUG\SPIRAL.OBJ
D:\VIKA_VITA\GLOBAL\Задачки\олімп\SPIRAL\SPIRAL\DEBUG\SPIRAL.PCH
D:\vika_vita\Global\Задачки\олімп\Spiral\Spiral\Debug\Spiral_manifest.rc
D:\VIKA_VITA\GLOBAL\Задачки\олімп\SPIRAL\SPIRAL\DEBUG\STDAFX.OBJ
D:\vika_vita\Global\Задачки\олімп\Spiral\Spiral\Debug\vc100.idb
D:\VIKA_VITA\GLOBAL\ЗАДАЧКИ\ОЛІМП\SPIRAL\SPIRAL\DEBUG\VC100.PDB
