Build started 14.03.2012 23:20:36.
Project "D:\vika_vita\Global\Задачки\олімп\Sirnyky\Sirnyky\Sirnyky.vcxproj" on node 2 (build target(s)).
InitializeBuildStatus:
  Creating "Debug\Sirnyky.unsuccessfulbuild" because "AlwaysCreate" was specified.
ClCompile:
  All outputs are up-to-date.
  C:\Program Files\Microsoft Visual Studio 10.0\VC\bin\CL.exe /c /ZI /nologo /W3 /WX- /Od /Oy- /D WIN32 /D _DEBUG /D _CONSOLE /D _UNICODE /D UNICODE /Gm /EHsc /RTC1 /MDd /GS /fp:precise /Zc:wchar_t /Zc:forScope /Yu"StdAfx.h" /Fp"Debug\Sirnyky.pch" /Fo"Debug\\" /Fd"Debug\vc100.pdb" /Gd /TP /analyze- /errorReport:prompt Sirnyky.cpp
  Sirnyky.cpp
ManifestResourceCompile:
  All outputs are up-to-date.
Link:
  C:\Program Files\Microsoft Visual Studio 10.0\VC\bin\link.exe /ERRORREPORT:PROMPT /OUT:"D:\vika_vita\Global\Задачки\олімп\Sirnyky\Debug\Sirnyky.exe" /INCREMENTAL /NOLOGO kernel32.lib user32.lib gdi32.lib winspool.lib comdlg32.lib advapi32.lib shell32.lib ole32.lib oleaut32.lib uuid.lib odbc32.lib odbccp32.lib /MANIFEST /ManifestFile:"Debug\Sirnyky.exe.intermediate.manifest" /MANIFESTUAC:"level='asInvoker' uiAccess='false'" /DEBUG /PDB:"D:\vika_vita\Global\Задачки\олімп\Sirnyky\Debug\Sirnyky.pdb" /SUBSYSTEM:CONSOLE /TLBID:1 /DYNAMICBASE /NXCOMPAT /IMPLIB:"D:\vika_vita\Global\Задачки\олімп\Sirnyky\Debug\Sirnyky.lib" /MACHINE:X86 Debug\Sirnyky.exe.embed.manifest.res
  Debug\Sirnyky.obj
  Debug\stdafx.obj
Manifest:
  C:\Program Files\Microsoft SDKs\Windows\v7.0A\bin\mt.exe /nologo /verbose /out:"Debug\Sirnyky.exe.embed.manifest" /manifest Debug\Sirnyky.exe.intermediate.manifest
  All outputs are up-to-date.
LinkEmbedManifest:
  All outputs are up-to-date.
  Sirnyky.vcxproj -> D:\vika_vita\Global\Задачки\олімп\Sirnyky\Debug\Sirnyky.exe
FinalizeBuildStatus:
  Deleting file "Debug\Sirnyky.unsuccessfulbuild".
  Touching "Debug\Sirnyky.lastbuildstate".
Done Building Project "D:\vika_vita\Global\Задачки\олімп\Sirnyky\Sirnyky\Sirnyky.vcxproj" (build target(s)).

Build succeeded.

Time Elapsed 00:00:02.37
