D:\VIKA_VITA\GLOBAL\Задачки\олімп\SIRNYKY\DEBUG\SIRNYKY.EXE
D:\VIKA_VITA\GLOBAL\Задачки\олімп\SIRNYKY\DEBUG\SIRNYKY.ILK
D:\VIKA_VITA\GLOBAL\ЗАДАЧКИ\ОЛІМП\SIRNYKY\DEBUG\SIRNYKY.PDB
D:\vika_vita\Global\Задачки\олімп\Sirnyky\Sirnyky\Debug\cl.command.1.tlog
D:\vika_vita\Global\Задачки\олімп\Sirnyky\Sirnyky\Debug\CL.read.1.tlog
D:\vika_vita\Global\Задачки\олімп\Sirnyky\Sirnyky\Debug\CL.write.1.tlog
D:\vika_vita\Global\Задачки\олімп\Sirnyky\Sirnyky\Debug\link.3172.read.1.tlog
D:\vika_vita\Global\Задачки\олімп\Sirnyky\Sirnyky\Debug\link.3172.write.1.tlog
D:\vika_vita\Global\Задачки\олімп\Sirnyky\Sirnyky\Debug\link.3172-cvtres.read.1.tlog
D:\vika_vita\Global\Задачки\олімп\Sirnyky\Sirnyky\Debug\link.3172-cvtres.write.1.tlog
D:\vika_vita\Global\Задачки\олімп\Sirnyky\Sirnyky\Debug\link.command.1.tlog
D:\vika_vita\Global\Задачки\олімп\Sirnyky\Sirnyky\Debug\link.read.1.tlog
D:\vika_vita\Global\Задачки\олімп\Sirnyky\Sirnyky\Debug\link.write.1.tlog
D:\vika_vita\Global\Задачки\олімп\Sirnyky\Sirnyky\Debug\link-cvtres.read.1.tlog
D:\vika_vita\Global\Задачки\олімп\Sirnyky\Sirnyky\Debug\link-cvtres.write.1.tlog
D:\vika_vita\Global\Задачки\олімп\Sirnyky\Sirnyky\Debug\mt.command.1.tlog
D:\vika_vita\Global\Задачки\олімп\Sirnyky\Sirnyky\Debug\mt.read.1.tlog
D:\vika_vita\Global\Задачки\олімп\Sirnyky\Sirnyky\Debug\mt.write.1.tlog
D:\vika_vita\Global\Задачки\олімп\Sirnyky\Sirnyky\Debug\rc.command.1.tlog
D:\vika_vita\Global\Задачки\олімп\Sirnyky\Sirnyky\Debug\rc.read.1.tlog
D:\vika_vita\Global\Задачки\олімп\Sirnyky\Sirnyky\Debug\rc.write.1.tlog
D:\VIKA_VITA\GLOBAL\Задачки\олімп\SIRNYKY\SIRNYKY\DEBUG\SIRNYKY.EXE.EMBED.MANIFEST
D:\VIKA_VITA\GLOBAL\Задачки\олімп\SIRNYKY\SIRNYKY\DEBUG\SIRNYKY.EXE.EMBED.MANIFEST.RES
D:\VIKA_VITA\GLOBAL\Задачки\олімп\SIRNYKY\SIRNYKY\DEBUG\SIRNYKY.EXE.INTERMEDIATE.MANIFEST
D:\VIKA_VITA\GLOBAL\Задачки\олімп\SIRNYKY\SIRNYKY\DEBUG\SIRNYKY.OBJ
D:\VIKA_VITA\GLOBAL\Задачки\олімп\SIRNYKY\SIRNYKY\DEBUG\SIRNYKY.PCH
D:\vika_vita\Global\Задачки\олімп\Sirnyky\Sirnyky\Debug\Sirnyky_manifest.rc
D:\VIKA_VITA\GLOBAL\Задачки\олімп\SIRNYKY\SIRNYKY\DEBUG\STDAFX.OBJ
D:\vika_vita\Global\Задачки\олімп\Sirnyky\Sirnyky\Debug\vc100.idb
D:\VIKA_VITA\GLOBAL\ЗАДАЧКИ\ОЛІМП\SIRNYKY\SIRNYKY\DEBUG\VC100.PDB
